sample.interval=20000
"h" "g1" "f" "eval" "eval" "withVisible" "withCallingHandlers" "handle" "timing_fn" "evaluate_call" "evaluate::evaluate" "evaluate" "in_dir" "block_exec" "call_block" "process_group.block" "process_group" "withCallingHandlers" "process_file" "knitr::knit" "rmarkdown::render" 
"h" "g1" "f" "eval" "eval" "withVisible" "withCallingHandlers" "handle" "timing_fn" "evaluate_call" "evaluate::evaluate" "evaluate" "in_dir" "block_exec" "call_block" "process_group.block" "process_group" "withCallingHandlers" "process_file" "knitr::knit" "rmarkdown::render" 
"h" "g1" "f" "eval" "eval" "withVisible" "withCallingHandlers" "handle" "timing_fn" "evaluate_call" "evaluate::evaluate" "evaluate" "in_dir" "block_exec" "call_block" "process_group.block" "process_group" "withCallingHandlers" "process_file" "knitr::knit" "rmarkdown::render" 
"h" "g1" "f" "eval" "eval" "withVisible" "withCallingHandlers" "handle" "timing_fn" "evaluate_call" "evaluate::evaluate" "evaluate" "in_dir" "block_exec" "call_block" "process_group.block" "process_group" "withCallingHandlers" "process_file" "knitr::knit" "rmarkdown::render" 
"h" "g1" "f" "eval" "eval" "withVisible" "withCallingHandlers" "handle" "timing_fn" "evaluate_call" "evaluate::evaluate" "evaluate" "in_dir" "block_exec" "call_block" "process_group.block" "process_group" "withCallingHandlers" "process_file" "knitr::knit" "rmarkdown::render" 
"h" "g1" "f" "eval" "eval" "withVisible" "withCallingHandlers" "handle" "timing_fn" "evaluate_call" "evaluate::evaluate" "evaluate" "in_dir" "block_exec" "call_block" "process_group.block" "process_group" "withCallingHandlers" "process_file" "knitr::knit" "rmarkdown::render" 
"h" "g1" "f" "eval" "eval" "withVisible" "withCallingHandlers" "handle" "timing_fn" "evaluate_call" "evaluate::evaluate" "evaluate" "in_dir" "block_exec" "call_block" "process_group.block" "process_group" "withCallingHandlers" "process_file" "knitr::knit" "rmarkdown::render" 
"h" "g1" "f" "eval" "eval" "withVisible" "withCallingHandlers" "handle" "timing_fn" "evaluate_call" "evaluate::evaluate" "evaluate" "in_dir" "block_exec" "call_block" "process_group.block" "process_group" "withCallingHandlers" "process_file" "knitr::knit" "rmarkdown::render" 
"h" "g1" "f" "eval" "eval" "withVisible" "withCallingHandlers" "handle" "timing_fn" "evaluate_call" "evaluate::evaluate" "evaluate" "in_dir" "block_exec" "call_block" "process_group.block" "process_group" "withCallingHandlers" "process_file" "knitr::knit" "rmarkdown::render" 
"h" "g1" "f" "eval" "eval" "withVisible" "withCallingHandlers" "handle" "timing_fn" "evaluate_call" "evaluate::evaluate" "evaluate" "in_dir" "block_exec" "call_block" "process_group.block" "process_group" "withCallingHandlers" "process_file" "knitr::knit" "rmarkdown::render" 
"h" "g1" "f" "eval" "eval" "withVisible" "withCallingHandlers" "handle" "timing_fn" "evaluate_call" "evaluate::evaluate" "evaluate" "in_dir" "block_exec" "call_block" "process_group.block" "process_group" "withCallingHandlers" "process_file" "knitr::knit" "rmarkdown::render" 
"h" "g1" "f" "eval" "eval" "withVisible" "withCallingHandlers" "handle" "timing_fn" "evaluate_call" "evaluate::evaluate" "evaluate" "in_dir" "block_exec" "call_block" "process_group.block" "process_group" "withCallingHandlers" "process_file" "knitr::knit" "rmarkdown::render" 
"h" "g1" "f" "eval" "eval" "withVisible" "withCallingHandlers" "handle" "timing_fn" "evaluate_call" "evaluate::evaluate" "evaluate" "in_dir" "block_exec" "call_block" "process_group.block" "process_group" "withCallingHandlers" "process_file" "knitr::knit" "rmarkdown::render" 
"h" "g1" "f" "eval" "eval" "withVisible" "withCallingHandlers" "handle" "timing_fn" "evaluate_call" "evaluate::evaluate" "evaluate" "in_dir" "block_exec" "call_block" "process_group.block" "process_group" "withCallingHandlers" "process_file" "knitr::knit" "rmarkdown::render" 
"h" "g1" "f" "eval" "eval" "withVisible" "withCallingHandlers" "handle" "timing_fn" "evaluate_call" "evaluate::evaluate" "evaluate" "in_dir" "block_exec" "call_block" "process_group.block" "process_group" "withCallingHandlers" "process_file" "knitr::knit" "rmarkdown::render" 
"h" "g1" "f" "eval" "eval" "withVisible" "withCallingHandlers" "handle" "timing_fn" "evaluate_call" "evaluate::evaluate" "evaluate" "in_dir" "block_exec" "call_block" "process_group.block" "process_group" "withCallingHandlers" "process_file" "knitr::knit" "rmarkdown::render" 
"h" "g1" "f" "eval" "eval" "withVisible" "withCallingHandlers" "handle" "timing_fn" "evaluate_call" "evaluate::evaluate" "evaluate" "in_dir" "block_exec" "call_block" "process_group.block" "process_group" "withCallingHandlers" "process_file" "knitr::knit" "rmarkdown::render" 
"h" "g1" "f" "eval" "eval" "withVisible" "withCallingHandlers" "handle" "timing_fn" "evaluate_call" "evaluate::evaluate" "evaluate" "in_dir" "block_exec" "call_block" "process_group.block" "process_group" "withCallingHandlers" "process_file" "knitr::knit" "rmarkdown::render" 
"f" "eval" "eval" "withVisible" "withCallingHandlers" "handle" "timing_fn" "evaluate_call" "evaluate::evaluate" "evaluate" "in_dir" "block_exec" "call_block" "process_group.block" "process_group" "withCallingHandlers" "process_file" "knitr::knit" "rmarkdown::render" 
"h" "g1" "f" "eval" "eval" "withVisible" "withCallingHandlers" "handle" "timing_fn" "evaluate_call" "evaluate::evaluate" "evaluate" "in_dir" "block_exec" "call_block" "process_group.block" "process_group" "withCallingHandlers" "process_file" "knitr::knit" "rmarkdown::render" 
"h" "g1" "f" "eval" "eval" "withVisible" "withCallingHandlers" "handle" "timing_fn" "evaluate_call" "evaluate::evaluate" "evaluate" "in_dir" "block_exec" "call_block" "process_group.block" "process_group" "withCallingHandlers" "process_file" "knitr::knit" "rmarkdown::render" 
"h" "g1" "f" "eval" "eval" "withVisible" "withCallingHandlers" "handle" "timing_fn" "evaluate_call" "evaluate::evaluate" "evaluate" "in_dir" "block_exec" "call_block" "process_group.block" "process_group" "withCallingHandlers" "process_file" "knitr::knit" "rmarkdown::render" 
"h" "g1" "f" "eval" "eval" "withVisible" "withCallingHandlers" "handle" "timing_fn" "evaluate_call" "evaluate::evaluate" "evaluate" "in_dir" "block_exec" "call_block" "process_group.block" "process_group" "withCallingHandlers" "process_file" "knitr::knit" "rmarkdown::render" 
"h" "g1" "f" "eval" "eval" "withVisible" "withCallingHandlers" "handle" "timing_fn" "evaluate_call" "evaluate::evaluate" "evaluate" "in_dir" "block_exec" "call_block" "process_group.block" "process_group" "withCallingHandlers" "process_file" "knitr::knit" "rmarkdown::render" 
"h" "g1" "f" "eval" "eval" "withVisible" "withCallingHandlers" "handle" "timing_fn" "evaluate_call" "evaluate::evaluate" "evaluate" "in_dir" "block_exec" "call_block" "process_group.block" "process_group" "withCallingHandlers" "process_file" "knitr::knit" "rmarkdown::render" 
"h" "g1" "f" "eval" "eval" "withVisible" "withCallingHandlers" "handle" "timing_fn" "evaluate_call" "evaluate::evaluate" "evaluate" "in_dir" "block_exec" "call_block" "process_group.block" "process_group" "withCallingHandlers" "process_file" "knitr::knit" "rmarkdown::render" 
"h" "g1" "f" "eval" "eval" "withVisible" "withCallingHandlers" "handle" "timing_fn" "evaluate_call" "evaluate::evaluate" "evaluate" "in_dir" "block_exec" "call_block" "process_group.block" "process_group" "withCallingHandlers" "process_file" "knitr::knit" "rmarkdown::render" 
"g2" "f" "eval" "eval" "withVisible" "withCallingHandlers" "handle" "timing_fn" "evaluate_call" "evaluate::evaluate" "evaluate" "in_dir" "block_exec" "call_block" "process_group.block" "process_group" "withCallingHandlers" "process_file" "knitr::knit" "rmarkdown::render" 
"h" "g1" "f" "eval" "eval" "withVisible" "withCallingHandlers" "handle" "timing_fn" "evaluate_call" "evaluate::evaluate" "evaluate" "in_dir" "block_exec" "call_block" "process_group.block" "process_group" "withCallingHandlers" "process_file" "knitr::knit" "rmarkdown::render" 
"h" "g1" "f" "eval" "eval" "withVisible" "withCallingHandlers" "handle" "timing_fn" "evaluate_call" "evaluate::evaluate" "evaluate" "in_dir" "block_exec" "call_block" "process_group.block" "process_group" "withCallingHandlers" "process_file" "knitr::knit" "rmarkdown::render" 
"h" "g1" "f" "eval" "eval" "withVisible" "withCallingHandlers" "handle" "timing_fn" "evaluate_call" "evaluate::evaluate" "evaluate" "in_dir" "block_exec" "call_block" "process_group.block" "process_group" "withCallingHandlers" "process_file" "knitr::knit" "rmarkdown::render" 
"h" "g1" "f" "eval" "eval" "withVisible" "withCallingHandlers" "handle" "timing_fn" "evaluate_call" "evaluate::evaluate" "evaluate" "in_dir" "block_exec" "call_block" "process_group.block" "process_group" "withCallingHandlers" "process_file" "knitr::knit" "rmarkdown::render" 
"h" "g1" "f" "eval" "eval" "withVisible" "withCallingHandlers" "handle" "timing_fn" "evaluate_call" "evaluate::evaluate" "evaluate" "in_dir" "block_exec" "call_block" "process_group.block" "process_group" "withCallingHandlers" "process_file" "knitr::knit" "rmarkdown::render" 
"h" "g1" "f" "eval" "eval" "withVisible" "withCallingHandlers" "handle" "timing_fn" "evaluate_call" "evaluate::evaluate" "evaluate" "in_dir" "block_exec" "call_block" "process_group.block" "process_group" "withCallingHandlers" "process_file" "knitr::knit" "rmarkdown::render" 
"h" "g1" "f" "eval" "eval" "withVisible" "withCallingHandlers" "handle" "timing_fn" "evaluate_call" "evaluate::evaluate" "evaluate" "in_dir" "block_exec" "call_block" "process_group.block" "process_group" "withCallingHandlers" "process_file" "knitr::knit" "rmarkdown::render" 
"h" "g1" "f" "eval" "eval" "withVisible" "withCallingHandlers" "handle" "timing_fn" "evaluate_call" "evaluate::evaluate" "evaluate" "in_dir" "block_exec" "call_block" "process_group.block" "process_group" "withCallingHandlers" "process_file" "knitr::knit" "rmarkdown::render" 
"h" "g1" "f" "eval" "eval" "withVisible" "withCallingHandlers" "handle" "timing_fn" "evaluate_call" "evaluate::evaluate" "evaluate" "in_dir" "block_exec" "call_block" "process_group.block" "process_group" "withCallingHandlers" "process_file" "knitr::knit" "rmarkdown::render" 
"g2" "f" "eval" "eval" "withVisible" "withCallingHandlers" "handle" "timing_fn" "evaluate_call" "evaluate::evaluate" "evaluate" "in_dir" "block_exec" "call_block" "process_group.block" "process_group" "withCallingHandlers" "process_file" "knitr::knit" "rmarkdown::render" 
"g2" "f" "eval" "eval" "withVisible" "withCallingHandlers" "handle" "timing_fn" "evaluate_call" "evaluate::evaluate" "evaluate" "in_dir" "block_exec" "call_block" "process_group.block" "process_group" "withCallingHandlers" "process_file" "knitr::knit" "rmarkdown::render" 
"g2" "f" "eval" "eval" "withVisible" "withCallingHandlers" "handle" "timing_fn" "evaluate_call" "evaluate::evaluate" "evaluate" "in_dir" "block_exec" "call_block" "process_group.block" "process_group" "withCallingHandlers" "process_file" "knitr::knit" "rmarkdown::render" 
"g2" "f" "eval" "eval" "withVisible" "withCallingHandlers" "handle" "timing_fn" "evaluate_call" "evaluate::evaluate" "evaluate" "in_dir" "block_exec" "call_block" "process_group.block" "process_group" "withCallingHandlers" "process_file" "knitr::knit" "rmarkdown::render" 
"h" "g1" "f" "eval" "eval" "withVisible" "withCallingHandlers" "handle" "timing_fn" "evaluate_call" "evaluate::evaluate" "evaluate" "in_dir" "block_exec" "call_block" "process_group.block" "process_group" "withCallingHandlers" "process_file" "knitr::knit" "rmarkdown::render" 
"h" "g1" "f" "eval" "eval" "withVisible" "withCallingHandlers" "handle" "timing_fn" "evaluate_call" "evaluate::evaluate" "evaluate" "in_dir" "block_exec" "call_block" "process_group.block" "process_group" "withCallingHandlers" "process_file" "knitr::knit" "rmarkdown::render" 
"h" "g1" "f" "eval" "eval" "withVisible" "withCallingHandlers" "handle" "timing_fn" "evaluate_call" "evaluate::evaluate" "evaluate" "in_dir" "block_exec" "call_block" "process_group.block" "process_group" "withCallingHandlers" "process_file" "knitr::knit" "rmarkdown::render" 
"h" "g1" "f" "eval" "eval" "withVisible" "withCallingHandlers" "handle" "timing_fn" "evaluate_call" "evaluate::evaluate" "evaluate" "in_dir" "block_exec" "call_block" "process_group.block" "process_group" "withCallingHandlers" "process_file" "knitr::knit" "rmarkdown::render" 
"h" "g1" "f" "eval" "eval" "withVisible" "withCallingHandlers" "handle" "timing_fn" "evaluate_call" "evaluate::evaluate" "evaluate" "in_dir" "block_exec" "call_block" "process_group.block" "process_group" "withCallingHandlers" "process_file" "knitr::knit" "rmarkdown::render" 
"h" "g1" "f" "eval" "eval" "withVisible" "withCallingHandlers" "handle" "timing_fn" "evaluate_call" "evaluate::evaluate" "evaluate" "in_dir" "block_exec" "call_block" "process_group.block" "process_group" "withCallingHandlers" "process_file" "knitr::knit" "rmarkdown::render" 
"h" "g1" "f" "eval" "eval" "withVisible" "withCallingHandlers" "handle" "timing_fn" "evaluate_call" "evaluate::evaluate" "evaluate" "in_dir" "block_exec" "call_block" "process_group.block" "process_group" "withCallingHandlers" "process_file" "knitr::knit" "rmarkdown::render" 
"h" "g1" "f" "eval" "eval" "withVisible" "withCallingHandlers" "handle" "timing_fn" "evaluate_call" "evaluate::evaluate" "evaluate" "in_dir" "block_exec" "call_block" "process_group.block" "process_group" "withCallingHandlers" "process_file" "knitr::knit" "rmarkdown::render" 
"h" "g1" "f" "eval" "eval" "withVisible" "withCallingHandlers" "handle" "timing_fn" "evaluate_call" "evaluate::evaluate" "evaluate" "in_dir" "block_exec" "call_block" "process_group.block" "process_group" "withCallingHandlers" "process_file" "knitr::knit" "rmarkdown::render" 
"double" "h" "g1" "f" "eval" "eval" "withVisible" "withCallingHandlers" "handle" "timing_fn" "evaluate_call" "evaluate::evaluate" "evaluate" "in_dir" "block_exec" "call_block" "process_group.block" "process_group" "withCallingHandlers" "process_file" "knitr::knit" "rmarkdown::render" 
"h" "g1" "f" "eval" "eval" "withVisible" "withCallingHandlers" "handle" "timing_fn" "evaluate_call" "evaluate::evaluate" "evaluate" "in_dir" "block_exec" "call_block" "process_group.block" "process_group" "withCallingHandlers" "process_file" "knitr::knit" "rmarkdown::render" 
"h" "g1" "f" "eval" "eval" "withVisible" "withCallingHandlers" "handle" "timing_fn" "evaluate_call" "evaluate::evaluate" "evaluate" "in_dir" "block_exec" "call_block" "process_group.block" "process_group" "withCallingHandlers" "process_file" "knitr::knit" "rmarkdown::render" 
"h" "g1" "f" "eval" "eval" "withVisible" "withCallingHandlers" "handle" "timing_fn" "evaluate_call" "evaluate::evaluate" "evaluate" "in_dir" "block_exec" "call_block" "process_group.block" "process_group" "withCallingHandlers" "process_file" "knitr::knit" "rmarkdown::render" 
"h" "g1" "f" "eval" "eval" "withVisible" "withCallingHandlers" "handle" "timing_fn" "evaluate_call" "evaluate::evaluate" "evaluate" "in_dir" "block_exec" "call_block" "process_group.block" "process_group" "withCallingHandlers" "process_file" "knitr::knit" "rmarkdown::render" 
"h" "g1" "f" "eval" "eval" "withVisible" "withCallingHandlers" "handle" "timing_fn" "evaluate_call" "evaluate::evaluate" "evaluate" "in_dir" "block_exec" "call_block" "process_group.block" "process_group" "withCallingHandlers" "process_file" "knitr::knit" "rmarkdown::render" 
"h" "g1" "f" "eval" "eval" "withVisible" "withCallingHandlers" "handle" "timing_fn" "evaluate_call" "evaluate::evaluate" "evaluate" "in_dir" "block_exec" "call_block" "process_group.block" "process_group" "withCallingHandlers" "process_file" "knitr::knit" "rmarkdown::render" 
"h" "g1" "f" "eval" "eval" "withVisible" "withCallingHandlers" "handle" "timing_fn" "evaluate_call" "evaluate::evaluate" "evaluate" "in_dir" "block_exec" "call_block" "process_group.block" "process_group" "withCallingHandlers" "process_file" "knitr::knit" "rmarkdown::render" 
"h" "g1" "f" "eval" "eval" "withVisible" "withCallingHandlers" "handle" "timing_fn" "evaluate_call" "evaluate::evaluate" "evaluate" "in_dir" "block_exec" "call_block" "process_group.block" "process_group" "withCallingHandlers" "process_file" "knitr::knit" "rmarkdown::render" 
"h" "g1" "f" "eval" "eval" "withVisible" "withCallingHandlers" "handle" "timing_fn" "evaluate_call" "evaluate::evaluate" "evaluate" "in_dir" "block_exec" "call_block" "process_group.block" "process_group" "withCallingHandlers" "process_file" "knitr::knit" "rmarkdown::render" 
"h" "g1" "f" "eval" "eval" "withVisible" "withCallingHandlers" "handle" "timing_fn" "evaluate_call" "evaluate::evaluate" "evaluate" "in_dir" "block_exec" "call_block" "process_group.block" "process_group" "withCallingHandlers" "process_file" "knitr::knit" "rmarkdown::render" 
"h" "g1" "f" "eval" "eval" "withVisible" "withCallingHandlers" "handle" "timing_fn" "evaluate_call" "evaluate::evaluate" "evaluate" "in_dir" "block_exec" "call_block" "process_group.block" "process_group" "withCallingHandlers" "process_file" "knitr::knit" "rmarkdown::render" 
"h" "g1" "f" "eval" "eval" "withVisible" "withCallingHandlers" "handle" "timing_fn" "evaluate_call" "evaluate::evaluate" "evaluate" "in_dir" "block_exec" "call_block" "process_group.block" "process_group" "withCallingHandlers" "process_file" "knitr::knit" "rmarkdown::render" 
"h" "g1" "f" "eval" "eval" "withVisible" "withCallingHandlers" "handle" "timing_fn" "evaluate_call" "evaluate::evaluate" "evaluate" "in_dir" "block_exec" "call_block" "process_group.block" "process_group" "withCallingHandlers" "process_file" "knitr::knit" "rmarkdown::render" 
"h" "g1" "f" "eval" "eval" "withVisible" "withCallingHandlers" "handle" "timing_fn" "evaluate_call" "evaluate::evaluate" "evaluate" "in_dir" "block_exec" "call_block" "process_group.block" "process_group" "withCallingHandlers" "process_file" "knitr::knit" "rmarkdown::render" 
"h" "g1" "f" "eval" "eval" "withVisible" "withCallingHandlers" "handle" "timing_fn" "evaluate_call" "evaluate::evaluate" "evaluate" "in_dir" "block_exec" "call_block" "process_group.block" "process_group" "withCallingHandlers" "process_file" "knitr::knit" "rmarkdown::render" 
"h" "g1" "f" "eval" "eval" "withVisible" "withCallingHandlers" "handle" "timing_fn" "evaluate_call" "evaluate::evaluate" "evaluate" "in_dir" "block_exec" "call_block" "process_group.block" "process_group" "withCallingHandlers" "process_file" "knitr::knit" "rmarkdown::render" 
"h" "g1" "f" "eval" "eval" "withVisible" "withCallingHandlers" "handle" "timing_fn" "evaluate_call" "evaluate::evaluate" "evaluate" "in_dir" "block_exec" "call_block" "process_group.block" "process_group" "withCallingHandlers" "process_file" "knitr::knit" "rmarkdown::render" 
"h" "g1" "f" "eval" "eval" "withVisible" "withCallingHandlers" "handle" "timing_fn" "evaluate_call" "evaluate::evaluate" "evaluate" "in_dir" "block_exec" "call_block" "process_group.block" "process_group" "withCallingHandlers" "process_file" "knitr::knit" "rmarkdown::render" 
"double" "h" "g1" "f" "eval" "eval" "withVisible" "withCallingHandlers" "handle" "timing_fn" "evaluate_call" "evaluate::evaluate" "evaluate" "in_dir" "block_exec" "call_block" "process_group.block" "process_group" "withCallingHandlers" "process_file" "knitr::knit" "rmarkdown::render" 
"double" "h" "g1" "f" "eval" "eval" "withVisible" "withCallingHandlers" "handle" "timing_fn" "evaluate_call" "evaluate::evaluate" "evaluate" "in_dir" "block_exec" "call_block" "process_group.block" "process_group" "withCallingHandlers" "process_file" "knitr::knit" "rmarkdown::render" 
"double" "h" "g1" "f" "eval" "eval" "withVisible" "withCallingHandlers" "handle" "timing_fn" "evaluate_call" "evaluate::evaluate" "evaluate" "in_dir" "block_exec" "call_block" "process_group.block" "process_group" "withCallingHandlers" "process_file" "knitr::knit" "rmarkdown::render" 
"h" "g1" "f" "eval" "eval" "withVisible" "withCallingHandlers" "handle" "timing_fn" "evaluate_call" "evaluate::evaluate" "evaluate" "in_dir" "block_exec" "call_block" "process_group.block" "process_group" "withCallingHandlers" "process_file" "knitr::knit" "rmarkdown::render" 
"h" "g1" "f" "eval" "eval" "withVisible" "withCallingHandlers" "handle" "timing_fn" "evaluate_call" "evaluate::evaluate" "evaluate" "in_dir" "block_exec" "call_block" "process_group.block" "process_group" "withCallingHandlers" "process_file" "knitr::knit" "rmarkdown::render" 
"h" "g1" "f" "eval" "eval" "withVisible" "withCallingHandlers" "handle" "timing_fn" "evaluate_call" "evaluate::evaluate" "evaluate" "in_dir" "block_exec" "call_block" "process_group.block" "process_group" "withCallingHandlers" "process_file" "knitr::knit" "rmarkdown::render" 
"h" "g1" "f" "eval" "eval" "withVisible" "withCallingHandlers" "handle" "timing_fn" "evaluate_call" "evaluate::evaluate" "evaluate" "in_dir" "block_exec" "call_block" "process_group.block" "process_group" "withCallingHandlers" "process_file" "knitr::knit" "rmarkdown::render" 
"h" "g1" "f" "eval" "eval" "withVisible" "withCallingHandlers" "handle" "timing_fn" "evaluate_call" "evaluate::evaluate" "evaluate" "in_dir" "block_exec" "call_block" "process_group.block" "process_group" "withCallingHandlers" "process_file" "knitr::knit" "rmarkdown::render" 
"h" "g1" "f" "eval" "eval" "withVisible" "withCallingHandlers" "handle" "timing_fn" "evaluate_call" "evaluate::evaluate" "evaluate" "in_dir" "block_exec" "call_block" "process_group.block" "process_group" "withCallingHandlers" "process_file" "knitr::knit" "rmarkdown::render" 
"h" "g1" "f" "eval" "eval" "withVisible" "withCallingHandlers" "handle" "timing_fn" "evaluate_call" "evaluate::evaluate" "evaluate" "in_dir" "block_exec" "call_block" "process_group.block" "process_group" "withCallingHandlers" "process_file" "knitr::knit" "rmarkdown::render" 
"h" "g1" "f" "eval" "eval" "withVisible" "withCallingHandlers" "handle" "timing_fn" "evaluate_call" "evaluate::evaluate" "evaluate" "in_dir" "block_exec" "call_block" "process_group.block" "process_group" "withCallingHandlers" "process_file" "knitr::knit" "rmarkdown::render" 
"h" "g1" "f" "eval" "eval" "withVisible" "withCallingHandlers" "handle" "timing_fn" "evaluate_call" "evaluate::evaluate" "evaluate" "in_dir" "block_exec" "call_block" "process_group.block" "process_group" "withCallingHandlers" "process_file" "knitr::knit" "rmarkdown::render" 
"h" "g1" "f" "eval" "eval" "withVisible" "withCallingHandlers" "handle" "timing_fn" "evaluate_call" "evaluate::evaluate" "evaluate" "in_dir" "block_exec" "call_block" "process_group.block" "process_group" "withCallingHandlers" "process_file" "knitr::knit" "rmarkdown::render" 
"h" "g1" "f" "eval" "eval" "withVisible" "withCallingHandlers" "handle" "timing_fn" "evaluate_call" "evaluate::evaluate" "evaluate" "in_dir" "block_exec" "call_block" "process_group.block" "process_group" "withCallingHandlers" "process_file" "knitr::knit" "rmarkdown::render" 
"h" "g1" "f" "eval" "eval" "withVisible" "withCallingHandlers" "handle" "timing_fn" "evaluate_call" "evaluate::evaluate" "evaluate" "in_dir" "block_exec" "call_block" "process_group.block" "process_group" "withCallingHandlers" "process_file" "knitr::knit" "rmarkdown::render" 
"h" "g1" "f" "eval" "eval" "withVisible" "withCallingHandlers" "handle" "timing_fn" "evaluate_call" "evaluate::evaluate" "evaluate" "in_dir" "block_exec" "call_block" "process_group.block" "process_group" "withCallingHandlers" "process_file" "knitr::knit" "rmarkdown::render" 
"h" "g1" "f" "eval" "eval" "withVisible" "withCallingHandlers" "handle" "timing_fn" "evaluate_call" "evaluate::evaluate" "evaluate" "in_dir" "block_exec" "call_block" "process_group.block" "process_group" "withCallingHandlers" "process_file" "knitr::knit" "rmarkdown::render" 
"h" "g1" "f" "eval" "eval" "withVisible" "withCallingHandlers" "handle" "timing_fn" "evaluate_call" "evaluate::evaluate" "evaluate" "in_dir" "block_exec" "call_block" "process_group.block" "process_group" "withCallingHandlers" "process_file" "knitr::knit" "rmarkdown::render" 
"h" "g1" "f" "eval" "eval" "withVisible" "withCallingHandlers" "handle" "timing_fn" "evaluate_call" "evaluate::evaluate" "evaluate" "in_dir" "block_exec" "call_block" "process_group.block" "process_group" "withCallingHandlers" "process_file" "knitr::knit" "rmarkdown::render" 
"h" "g1" "f" "eval" "eval" "withVisible" "withCallingHandlers" "handle" "timing_fn" "evaluate_call" "evaluate::evaluate" "evaluate" "in_dir" "block_exec" "call_block" "process_group.block" "process_group" "withCallingHandlers" "process_file" "knitr::knit" "rmarkdown::render" 
"h" "g1" "f" "eval" "eval" "withVisible" "withCallingHandlers" "handle" "timing_fn" "evaluate_call" "evaluate::evaluate" "evaluate" "in_dir" "block_exec" "call_block" "process_group.block" "process_group" "withCallingHandlers" "process_file" "knitr::knit" "rmarkdown::render" 
"h" "g1" "f" "eval" "eval" "withVisible" "withCallingHandlers" "handle" "timing_fn" "evaluate_call" "evaluate::evaluate" "evaluate" "in_dir" "block_exec" "call_block" "process_group.block" "process_group" "withCallingHandlers" "process_file" "knitr::knit" "rmarkdown::render" 
"h" "g1" "f" "eval" "eval" "withVisible" "withCallingHandlers" "handle" "timing_fn" "evaluate_call" "evaluate::evaluate" "evaluate" "in_dir" "block_exec" "call_block" "process_group.block" "process_group" "withCallingHandlers" "process_file" "knitr::knit" "rmarkdown::render" 
"h" "g1" "f" "eval" "eval" "withVisible" "withCallingHandlers" "handle" "timing_fn" "evaluate_call" "evaluate::evaluate" "evaluate" "in_dir" "block_exec" "call_block" "process_group.block" "process_group" "withCallingHandlers" "process_file" "knitr::knit" "rmarkdown::render" 
"h" "g1" "f" "eval" "eval" "withVisible" "withCallingHandlers" "handle" "timing_fn" "evaluate_call" "evaluate::evaluate" "evaluate" "in_dir" "block_exec" "call_block" "process_group.block" "process_group" "withCallingHandlers" "process_file" "knitr::knit" "rmarkdown::render" 
"h" "g1" "f" "eval" "eval" "withVisible" "withCallingHandlers" "handle" "timing_fn" "evaluate_call" "evaluate::evaluate" "evaluate" "in_dir" "block_exec" "call_block" "process_group.block" "process_group" "withCallingHandlers" "process_file" "knitr::knit" "rmarkdown::render" 
"h" "g1" "f" "eval" "eval" "withVisible" "withCallingHandlers" "handle" "timing_fn" "evaluate_call" "evaluate::evaluate" "evaluate" "in_dir" "block_exec" "call_block" "process_group.block" "process_group" "withCallingHandlers" "process_file" "knitr::knit" "rmarkdown::render" 
"h" "g1" "f" "eval" "eval" "withVisible" "withCallingHandlers" "handle" "timing_fn" "evaluate_call" "evaluate::evaluate" "evaluate" "in_dir" "block_exec" "call_block" "process_group.block" "process_group" "withCallingHandlers" "process_file" "knitr::knit" "rmarkdown::render" 
"h" "g1" "f" "eval" "eval" "withVisible" "withCallingHandlers" "handle" "timing_fn" "evaluate_call" "evaluate::evaluate" "evaluate" "in_dir" "block_exec" "call_block" "process_group.block" "process_group" "withCallingHandlers" "process_file" "knitr::knit" "rmarkdown::render" 
"h" "g1" "f" "eval" "eval" "withVisible" "withCallingHandlers" "handle" "timing_fn" "evaluate_call" "evaluate::evaluate" "evaluate" "in_dir" "block_exec" "call_block" "process_group.block" "process_group" "withCallingHandlers" "process_file" "knitr::knit" "rmarkdown::render" 
"paste" ".make_numeric_version" "R_system_version" "package_version" "getRversion" "recordPlot" "plot_snapshot" "w$get_new" "handle_output" "evaluate_call" "evaluate::evaluate" "evaluate" "in_dir" "block_exec" "call_block" "process_group.block" "process_group" "withCallingHandlers" "process_file" "knitr::knit" "rmarkdown::render" 
